{
  "RSpec": {
    "coverage": {
      "/home/dbrady/shiny_systems/onlifehealth/dox/coding_exercises/baseball_stats/spec/lib/batboy_spec.rb": [
        1,
        1,
        1,
        null,
        1,
        9,
        9,
        7,
        7,
        null,
        1,
        1,
        1,
        1,
        null,
        null,
        1,
        1,
        null,
        null,
        1,
        1,
        1,
        null,
        null,
        null,
        1,
        1,
        1,
        1,
        null,
        null,
        null,
        null,
        1,
        1,
        1,
        1,
        null,
        null,
        null,
        1,
        1,
        5,
        5,
        null,
        null,
        1,
        null,
        1,
        1,
        null,
        null,
        1,
        1,
        1,
        1,
        1,
        1,
        null,
        null,
        null,
        null,
        null,
        null,
        null,
        null,
        1,
        1,
        1,
        1,
        null,
        1,
        null,
        1,
        null,
        1,
        null,
        1,
        null,
        1,
        1,
        1,
        null,
        null,
        null,
        1,
        1,
        1,
        1,
        1,
        null,
        null,
        1,
        1,
        1,
        1,
        1,
        null,
        null,
        null,
        null,
        null,
        null,
        null,
        null,
        null,
        null,
        null,
        null,
        null,
        null,
        null,
        null,
        null,
        null,
        null,
        null,
        null,
        null,
        null,
        null
      ],
      "/home/dbrady/shiny_systems/onlifehealth/dox/coding_exercises/baseball_stats/lib/batboy.rb": [
        null,
        null,
        null,
        1,
        1,
        null,
        1,
        1,
        null,
        1,
        8,
        8,
        null,
        null,
        null,
        null,
        null,
        null,
        null,
        null,
        null,
        1,
        3,
        null,
        null,
        null,
        null,
        null,
        null,
        null,
        null,
        null,
        null,
        null,
        null,
        1,
        2,
        2,
        2,
        2,
        2,
        null,
        null,
        1,
        1,
        1,
        3,
        1,
        2,
        null,
        1,
        null,
        null,
        1,
        2,
        2,
        1,
        null,
        1,
        null,
        null,
        null
      ],
      "/home/dbrady/shiny_systems/onlifehealth/dox/coding_exercises/baseball_stats/patches/scoped_attr_accessors.rb": [
        1,
        null,
        null,
        1,
        1,
        null
      ],
      "/home/dbrady/shiny_systems/onlifehealth/dox/coding_exercises/baseball_stats/lib/stats_grinder.rb": [
        1,
        null,
        null,
        null,
        null,
        null,
        null,
        null,
        null,
        null,
        null,
        null,
        null,
        null,
        1,
        1,
        1,
        1,
        1,
        1,
        null,
        1,
        null,
        1,
        null,
        null,
        null,
        null,
        null,
        1,
        1,
        null,
        null,
        1,
        null,
        null,
        null,
        null,
        null,
        null,
        3,
        3,
        null,
        null,
        null,
        null,
        6,
        null,
        null,
        3,
        5,
        null,
        3,
        5,
        null,
        null,
        null,
        null,
        null,
        null,
        null,
        3,
        5,
        null,
        3,
        2,
        null,
        null,
        null,
        null,
        null,
        1,
        null,
        null,
        null,
        null,
        null,
        null,
        null,
        null,
        null,
        null,
        null,
        null,
        1,
        229,
        null,
        229,
        null,
        null,
        null,
        1,
        2450,
        null,
        null,
        null,
        1,
        1,
        332,
        null,
        null,
        null,
        null,
        null,
        1,
        1,
        229,
        229,
        null,
        null
      ],
      "/home/dbrady/shiny_systems/onlifehealth/dox/coding_exercises/baseball_stats/lib/batter.rb": [
        1,
        1,
        1,
        1,
        null,
        1,
        1,
        null,
        1,
        1,
        null,
        1,
        17949,
        17949,
        7339,
        7623,
        7908,
        null,
        null,
        null,
        null,
        null,
        1,
        null,
        null,
        null,
        null,
        null,
        null,
        1,
        1,
        null,
        null,
        1,
        32125,
        null,
        null,
        1,
        6,
        5,
        null,
        2,
        1,
        null,
        null,
        1,
        12,
        null,
        null,
        1,
        19771,
        null,
        null,
        1,
        90352,
        null,
        null,
        1,
        2929,
        null,
        null,
        1,
        11,
        null,
        null,
        null,
        null,
        11,
        null,
        null,
        1,
        90351,
        null,
        null,
        1,
        null,
        1341,
        17945,
        null,
        null,
        1,
        null,
        1955,
        18569,
        null,
        null,
        null,
        null,
        null,
        null,
        null,
        null,
        null,
        null,
        null,
        1,
        7910,
        null,
        null,
        null,
        null,
        null,
        null,
        1,
        null,
        null,
        1,
        53838,
        null,
        null,
        1,
        null,
        17945,
        1,
        null,
        null,
        1,
        null,
        17945,
        1,
        null,
        null,
        null,
        null,
        1,
        32132,
        null,
        null,
        null,
        null,
        null,
        1,
        null,
        1,
        null,
        18125,
        null,
        17946,
        null,
        17946,
        null,
        null,
        1,
        1,
        1,
        null,
        null,
        null,
        null,
        null,
        null,
        null,
        null,
        null,
        null,
        null,
        null,
        null,
        null,
        null,
        null,
        null,
        null,
        null,
        null,
        1,
        null,
        null,
        null,
        null,
        null,
        null,
        null,
        null,
        null,
        null,
        null,
        null,
        null,
        null,
        7910,
        null,
        null,
        null,
        null,
        null,
        1,
        1,
        7910,
        7910,
        110740,
        null,
        null,
        7910,
        null,
        null,
        null,
        null,
        null,
        1,
        33,
        110,
        null,
        null,
        null,
        null,
        null,
        null,
        1,
        3050,
        3193,
        null,
        null,
        null,
        null,
        null,
        null,
        1,
        null,
        null,
        null,
        3193,
        null,
        null
      ],
      "/home/dbrady/shiny_systems/onlifehealth/dox/coding_exercises/baseball_stats/lib/batter_csv_reader.rb": [
        1,
        null,
        1,
        1,
        1,
        null,
        null,
        1,
        1,
        null,
        null,
        1,
        1,
        null,
        null
      ],
      "/home/dbrady/shiny_systems/onlifehealth/dox/coding_exercises/baseball_stats/lib/batting_csv_reader.rb": [
        1,
        null,
        1,
        1,
        1,
        null,
        null,
        1,
        1,
        null,
        null,
        1,
        1,
        null,
        null
      ],
      "/home/dbrady/shiny_systems/onlifehealth/dox/coding_exercises/baseball_stats/lib/batting_data.rb": [
        1,
        1,
        null,
        null,
        1,
        1,
        1,
        null,
        1,
        24148,
        24148,
        null,
        24148,
        null,
        289776,
        null,
        null,
        1,
        465,
        464,
        null,
        null,
        1,
        1,
        1,
        null,
        null,
        null,
        null,
        1,
        null,
        null,
        null,
        8326,
        33304,
        null,
        8326,
        83260,
        null,
        null,
        8326,
        null,
        null
      ],
      "/home/dbrady/shiny_systems/onlifehealth/dox/coding_exercises/baseball_stats/lib/patches.rb": [
        1
      ],
      "/home/dbrady/shiny_systems/onlifehealth/dox/coding_exercises/baseball_stats/spec/lib/batter_spec.rb": [
        1,
        1,
        null,
        1,
        6,
        72,
        null,
        12,
        12,
        12,
        12,
        12,
        12,
        12,
        12,
        12,
        12,
        12,
        null,
        null,
        null,
        1,
        1,
        null,
        null,
        null,
        36,
        null,
        null,
        null,
        null,
        27,
        null,
        null,
        null,
        null,
        null,
        12,
        null,
        1,
        1,
        1,
        null,
        null,
        null,
        1,
        1,
        1,
        null,
        null,
        null,
        1,
        1,
        2,
        null,
        1,
        1,
        1,
        1,
        null,
        null,
        null,
        1,
        2,
        null,
        1,
        1,
        1,
        1,
        null,
        null,
        null,
        1,
        2,
        null,
        1,
        1,
        1,
        1,
        null,
        null,
        null,
        1,
        2,
        null,
        1,
        1,
        625,
        1,
        1,
        null,
        null,
        null,
        null,
        null,
        null,
        null,
        1,
        null,
        null,
        null,
        null,
        null,
        null,
        null,
        null,
        1,
        7,
        7,
        7,
        7,
        null,
        null,
        null,
        null,
        null,
        null,
        null,
        1,
        1,
        1,
        1,
        null,
        null,
        null,
        1,
        1,
        1,
        null,
        null,
        null,
        1,
        1,
        1,
        null,
        null,
        null,
        1,
        1,
        1,
        null,
        null,
        null,
        1,
        1,
        null,
        null,
        null,
        null,
        null,
        null,
        null,
        null,
        null,
        null,
        null,
        null,
        null,
        1,
        null,
        null,
        null,
        null,
        null,
        null,
        null,
        null,
        null,
        null,
        null,
        null,
        null,
        1,
        null,
        null,
        null,
        null,
        null,
        null,
        null,
        null,
        null,
        null,
        null,
        null,
        null,
        null,
        null,
        1,
        12,
        12,
        null,
        1,
        null,
        null,
        null,
        null,
        null,
        null,
        null,
        null,
        null,
        null,
        null,
        null,
        null,
        1,
        null,
        null,
        null,
        null,
        null,
        null,
        null,
        null,
        null,
        null,
        null,
        null,
        null,
        1,
        2,
        1,
        null,
        null,
        1,
        null,
        null,
        null,
        null,
        1,
        12,
        1,
        null,
        null,
        null,
        null,
        null,
        null,
        null,
        null,
        null,
        null,
        null,
        null,
        null,
        null,
        null
      ],
      "/home/dbrady/shiny_systems/onlifehealth/dox/coding_exercises/baseball_stats/spec/lib/batting_data_spec.rb": [
        1,
        1,
        null,
        1,
        1,
        3,
        3,
        null,
        null,
        1,
        null,
        null,
        null,
        null,
        null,
        null,
        null,
        4,
        1,
        3,
        null,
        null,
        1,
        2,
        1,
        1,
        null,
        null,
        null,
        1,
        2,
        null,
        1,
        1,
        null,
        null,
        null,
        1,
        2,
        2,
        2,
        null,
        1,
        1,
        1,
        1,
        1,
        1,
        1,
        1,
        1,
        1,
        1,
        1,
        1,
        1,
        null,
        null,
        null,
        null
      ],
      "/home/dbrady/shiny_systems/onlifehealth/dox/coding_exercises/baseball_stats/spec/lib/stats_grinder_spec.rb": [
        1,
        1,
        null,
        1,
        6,
        null,
        1,
        1,
        1,
        null,
        null,
        null,
        1,
        1,
        1,
        1,
        1,
        null,
        null,
        null,
        1,
        1,
        3,
        2,
        null,
        1,
        1,
        1,
        null,
        null,
        1,
        1,
        1,
        null,
        null,
        null,
        1,
        2,
        2,
        2,
        null,
        1,
        1,
        1,
        1,
        null,
        null,
        null,
        null,
        null
      ]
    },
    "timestamp": 1394916908
  }
}
